<?xml version="1.0" encoding="UTF-8"?>
<!-- Generated by org.testng.reporters.JUnitReportReporter -->
<testsuite hostname="LAPTOP-43EPU8GR" failures="0" tests="1" name="listeners.FirstTest" time="11.142" errors="0" timestamp="2021-06-22T12:50:59 EDT" skipped="0">
  <testcase classname="listeners.FirstTest" name="fbtest" time="11.142"/>
  <system-out/>
</testsuite> <!-- listeners.FirstTest -->
