<?xml version="1.0" encoding="UTF-8"?>
<!-- Generated by org.testng.reporters.JUnitReportReporter -->
<testsuite hostname="LAPTOP-43EPU8GR" failures="0" tests="1" name="testNGClasses.TestCase1" time="0.002" errors="0" timestamp="2021-04-05T18:45:03 EDT" skipped="0">
  <testcase classname="testNGClasses.TestCase1" name="facebooktest" time="0.002"/>
  <system-out/>
</testsuite> <!-- testNGClasses.TestCase1 -->
