<?xml version="1.0" encoding="UTF-8"?>
<!-- Generated by org.testng.reporters.JUnitReportReporter -->
<testsuite hostname="LAPTOP-43EPU8GR" failures="0" tests="1" name="reports.ExtentReportDemo1" time="17.086" errors="0" timestamp="2021-04-09T01:27:05 EDT" skipped="0">
  <testcase classname="reports.ExtentReportDemo1" name="logintest" time="17.086"/>
  <system-out/>
</testsuite> <!-- reports.ExtentReportDemo1 -->
