<?xml version="1.0" encoding="UTF-8"?>
<!-- Generated by org.testng.reporters.JUnitReportReporter -->
<testsuite hostname="LAPTOP-43EPU8GR" failures="0" tests="1" name="handleselenium.ValidationTitlefromPageSource" time="11.778" errors="0" timestamp="2021-03-24T01:57:37 EDT" skipped="0">
  <testcase classname="handleselenium.ValidationTitlefromPageSource" name="verifytitle" time="11.778"/>
  <system-out/>
</testsuite> <!-- handleselenium.ValidationTitlefromPageSource -->
