<?xml version="1.0" encoding="UTF-8"?>
<!-- Generated by org.testng.reporters.JUnitReportReporter -->
<testsuite hostname="LAPTOP-43EPU8GR" failures="0" tests="2" name="testNGClasses.VerifyTitle" time="5.727" errors="0" timestamp="2021-04-12T00:07:56 EDT" skipped="0">
  <testcase classname="testNGClasses.VerifyTitle" name="verifytitle" time="2.402"/>
  <system-out/>
  <testcase classname="testNGClasses.VerifyTitle" name="setup" time="3.325"/>
  <system-out/>
</testsuite> <!-- testNGClasses.VerifyTitle -->
