<?xml version="1.0" encoding="UTF-8"?>
<!-- Generated by org.testng.reporters.JUnitReportReporter -->
<testsuite hostname="LAPTOP-43EPU8GR" failures="0" tests="1" name="handleselenium.FacebookScreenshot" time="11.423" errors="0" timestamp="2021-03-24T05:31:05 EDT" skipped="0">
  <testcase classname="handleselenium.FacebookScreenshot" name="CaptureScreenshot" time="11.423"/>
  <system-out/>
</testsuite> <!-- handleselenium.FacebookScreenshot -->
