<?xml version="1.0" encoding="UTF-8"?>
<!-- Generated by org.testng.reporters.JUnitReportReporter -->
<testsuite hostname="LAPTOP-43EPU8GR" failures="0" tests="1" name="handleselenium.ConfigurationTest" time="0.011" errors="0" timestamp="2021-04-07T20:54:26 EDT" skipped="0">
  <testcase classname="handleselenium.ConfigurationTest" name="testconfig" time="0.011"/>
  <system-out/>
</testsuite> <!-- handleselenium.ConfigurationTest -->
