<?xml version="1.0" encoding="UTF-8"?>
<!-- Generated by org.testng.reporters.JUnitReportReporter -->
<testsuite hostname="LAPTOP-43EPU8GR" failures="0" tests="1" name="handleselenium.ScrollDown" time="11.930" errors="0" timestamp="2021-03-30T17:25:39 EDT" skipped="0">
  <testcase classname="handleselenium.ScrollDown" name="ScrollDownDemo" time="11.930"/>
  <system-out/>
</testsuite> <!-- handleselenium.ScrollDown -->
