<?xml version="1.0" encoding="UTF-8"?>
<!-- Generated by org.testng.reporters.JUnitReportReporter -->
<testsuite hostname="LAPTOP-43EPU8GR" failures="0" tests="1" name="handleselenium.ConfigTestData2" time="4.715" errors="0" timestamp="2021-04-07T21:52:52 EDT" skipped="0">
  <testcase classname="handleselenium.ConfigTestData2" name="testchrome" time="4.715"/>
  <system-out/>
</testsuite> <!-- handleselenium.ConfigTestData2 -->
