<?xml version="1.0" encoding="UTF-8"?>
<!-- Generated by org.testng.reporters.JUnitReportReporter -->
<testsuite hostname="LAPTOP-43EPU8GR" failures="0" tests="1" name="handleselenium.HandlePageTitle" time="11.629" errors="0" timestamp="2021-05-24T00:21:03 EDT" skipped="0">
  <testcase classname="handleselenium.HandlePageTitle" name="verifypagetitle" time="11.629"/>
  <system-out/>
</testsuite> <!-- handleselenium.HandlePageTitle -->
