<?xml version="1.0" encoding="UTF-8"?>
<!-- Generated by org.testng.reporters.JUnitReportReporter -->
<testsuite hostname="LAPTOP-43EPU8GR" failures="0" tests="1" name="handleselenium.ScrollDownp" time="17.279" errors="0" timestamp="2021-05-24T17:01:38 EDT" skipped="0">
  <testcase classname="handleselenium.ScrollDownp" name="scrolldown3" time="17.279"/>
  <system-out/>
</testsuite> <!-- handleselenium.ScrollDownp -->
