<?xml version="1.0" encoding="UTF-8"?>
<!-- Generated by org.testng.reporters.JUnitReportReporter -->
<testsuite hostname="LAPTOP-43EPU8GR" failures="0" tests="1" name="reports.LoginReports1" time="0.830" errors="0" timestamp="2021-04-08T17:41:00 EDT" skipped="0">
  <testcase classname="reports.LoginReports1" name="loginTest" time="0.830"/>
  <system-out/>
</testsuite> <!-- reports.LoginReports1 -->
