<?xml version="1.0" encoding="UTF-8"?>
<!-- Generated by org.testng.reporters.JUnitReportReporter -->
<testsuite hostname="LAPTOP-43EPU8GR" failures="0" tests="1" name="itestlistenerDemo.MyfirstTestcase" time="6.311" errors="0" timestamp="2021-04-05T21:35:24 EDT" skipped="0">
  <testcase classname="itestlistenerDemo.MyfirstTestcase" name="firstdemo" time="6.311"/>
  <system-out/>
</testsuite> <!-- itestlistenerDemo.MyfirstTestcase -->
