<?xml version="1.0" encoding="UTF-8"?>
<!-- Generated by org.testng.reporters.JUnitReportReporter -->
<testsuite hostname="LAPTOP-43EPU8GR" failures="0" tests="1" name="com.tesng.assignment.SwagLabs" time="4.401" errors="0" timestamp="2021-04-18T01:41:48 EDT" skipped="0">
  <testcase classname="com.tesng.assignment.SwagLabs" name="login" time="4.401"/>
  <system-out/>
</testsuite> <!-- com.tesng.assignment.SwagLabs -->
