<?xml version="1.0" encoding="UTF-8"?>
<!-- Generated by org.testng.reporters.JUnitReportReporter -->
<testsuite hostname="LAPTOP-43EPU8GR" failures="0" tests="1" name="handleselenium.Mousehover2" time="14.581" errors="0" timestamp="2021-05-23T23:42:01 EDT" skipped="0">
  <testcase classname="handleselenium.Mousehover2" name="mousehoverdemo" time="14.581"/>
  <system-out/>
</testsuite> <!-- handleselenium.Mousehover2 -->
