<?xml version="1.0" encoding="UTF-8"?>
<!-- Generated by org.testng.reporters.JUnitReportReporter -->
<testsuite hostname="LAPTOP-43EPU8GR" failures="0" tests="1" name="handleselenium.PopupHandle" time="20.537" errors="0" timestamp="2021-03-31T06:28:01 EDT" skipped="0">
  <testcase classname="handleselenium.PopupHandle" name="popuphandle" time="20.537"/>
  <system-out/>
</testsuite> <!-- handleselenium.PopupHandle -->
