<?xml version="1.0" encoding="UTF-8"?>
<!-- Generated by org.testng.reporters.JUnitReportReporter -->
<testsuite hostname="LAPTOP-43EPU8GR" failures="0" tests="1" name="handleselenium.DragnDropDemo" time="9.864" errors="0" timestamp="2021-03-29T21:43:47 EDT" skipped="0">
  <testcase classname="handleselenium.DragnDropDemo" name="Dragndrop" time="9.864"/>
  <system-out/>
</testsuite> <!-- handleselenium.DragnDropDemo -->
