<?xml version="1.0" encoding="UTF-8"?>
<!-- Generated by org.testng.reporters.JUnitReportReporter -->
<testsuite hostname="LAPTOP-43EPU8GR" failures="0" tests="1" name="dropdowntest.FbTest_IV" time="5.285" errors="0" timestamp="2021-05-22T22:48:34 EDT" skipped="0">
  <testcase classname="dropdowntest.FbTest_IV" name="fbSignup" time="5.285"/>
  <system-out/>
</testsuite> <!-- dropdowntest.FbTest_IV -->
