<?xml version="1.0" encoding="UTF-8"?>
<!-- Generated by org.testng.reporters.JUnitReportReporter -->
<testsuite hostname="LAPTOP-43EPU8GR" failures="0" tests="1" name="dropdowntest.DropdownTest2" time="8.060" errors="0" timestamp="2021-03-23T03:30:40 EDT" skipped="0">
  <testcase classname="dropdowntest.DropdownTest2" name="dropdowntest" time="8.060"/>
  <system-out/>
</testsuite> <!-- dropdowntest.DropdownTest2 -->
