<?xml version="1.0" encoding="UTF-8"?>
<!-- Generated by org.testng.reporters.JUnitReportReporter -->
<testsuite hostname="LAPTOP-43EPU8GR" failures="0" tests="1" name="handleselenium.BootstrapLogin" time="17.536" errors="0" timestamp="2021-06-04T17:04:49 EDT" skipped="0">
  <testcase classname="handleselenium.BootstrapLogin" name="bootstraplogin" time="17.536"/>
  <system-out/>
</testsuite> <!-- handleselenium.BootstrapLogin -->
