<?xml version="1.0" encoding="UTF-8"?>
<!-- Generated by org.testng.reporters.JUnitReportReporter -->
<testsuite hostname="LAPTOP-43EPU8GR" failures="0" tests="1" name="handleselenium.GoogleSearch" time="9.365" errors="0" timestamp="2021-06-20T12:02:05 EDT" skipped="0">
  <testcase classname="handleselenium.GoogleSearch" name="method" time="9.365"/>
  <system-out/>
</testsuite> <!-- handleselenium.GoogleSearch -->
