<?xml version="1.0" encoding="UTF-8"?>
<!-- Generated by org.testng.reporters.JUnitReportReporter -->
<testsuite hostname="LAPTOP-43EPU8GR" failures="0" tests="1" name="dropdowntest.DropdownTest2" time="14.319" errors="0" timestamp="2021-06-22T00:44:04 EDT" skipped="0">
  <testcase classname="dropdowntest.DropdownTest2" name="dropdowntest" time="14.319"/>
  <system-out/>
</testsuite> <!-- dropdowntest.DropdownTest2 -->
