<?xml version="1.0" encoding="UTF-8"?>
<!-- Generated by org.testng.reporters.JUnitReportReporter -->
<testsuite hostname="LAPTOP-43EPU8GR" failures="0" tests="1" name="dropdowntest.DD_Check" time="10.410" errors="0" timestamp="2021-06-08T22:13:23 EDT" skipped="0">
  <testcase classname="dropdowntest.DD_Check" name="DD_Test" time="10.410"/>
  <system-out/>
</testsuite> <!-- dropdowntest.DD_Check -->
