<?xml version="1.0" encoding="UTF-8"?>
<!-- Generated by org.testng.reporters.JUnitReportReporter -->
<testsuite hostname="LAPTOP-43EPU8GR" failures="0" tests="2" name="readexceldata.DataDrivenTest2" time="27.993" errors="0" timestamp="2021-05-26T01:40:20 EDT" skipped="0">
  <testcase classname="readexceldata.DataDrivenTest2" name="DDT" time="16.500"/>
  <system-out/>
  <testcase classname="readexceldata.DataDrivenTest2" name="DDT" time="11.493"/>
  <system-out/>
</testsuite> <!-- readexceldata.DataDrivenTest2 -->
