<?xml version="1.0" encoding="UTF-8"?>
<!-- Generated by org.testng.reporters.JUnitReportReporter -->
<testsuite hostname="LAPTOP-43EPU8GR" failures="0" tests="1" name="com.orangehrmlive.pages.VerifyLoginOrange" time="12.688" errors="0" timestamp="2021-04-06T03:50:50 EDT" skipped="0">
  <testcase classname="com.orangehrmlive.pages.VerifyLoginOrange" name="checkvalidlogin" time="12.688"/>
  <system-out/>
</testsuite> <!-- com.orangehrmlive.pages.VerifyLoginOrange -->
