<?xml version="1.0" encoding="UTF-8"?>
<!-- Generated by org.testng.reporters.JUnitReportReporter -->
<testsuite hostname="LAPTOP-43EPU8GR" failures="0" tests="1" name="handleselenium.MouseHover" time="17.157" errors="0" timestamp="2021-03-30T02:12:49 EDT" skipped="0">
  <testcase classname="handleselenium.MouseHover" name="mousehoverdemo" time="17.157"/>
  <system-out/>
</testsuite> <!-- handleselenium.MouseHover -->
