<?xml version="1.0" encoding="UTF-8"?>
<!-- Generated by org.testng.reporters.JUnitReportReporter -->
<testsuite hostname="LAPTOP-43EPU8GR" failures="0" tests="1" name="handleselenium.MouseHover" time="13.382" errors="0" timestamp="2021-06-03T02:35:30 EDT" skipped="0">
  <testcase classname="handleselenium.MouseHover" name="mousehoverdemo" time="13.382"/>
  <system-out/>
</testsuite> <!-- handleselenium.MouseHover -->
