<?xml version="1.0" encoding="UTF-8"?>
<!-- Generated by org.testng.reporters.JUnitReportReporter -->
<testsuite hostname="LAPTOP-43EPU8GR" failures="0" tests="1" name="handleselenium.Enable_Select" time="18.005" errors="0" timestamp="2021-06-03T01:02:33 EDT" skipped="0">
  <testcase classname="handleselenium.Enable_Select" name="Test" time="18.005"/>
  <system-out/>
</testsuite> <!-- handleselenium.Enable_Select -->
