<?xml version="1.0" encoding="UTF-8"?>
<!-- Generated by org.testng.reporters.JUnitReportReporter -->
<testsuite hostname="LAPTOP-43EPU8GR" failures="0" tests="1" name="itest.FirstTest" time="5.481" errors="0" timestamp="2021-04-12T02:16:41 EDT" skipped="0">
  <testcase classname="itest.FirstTest" name="fbtest" time="5.481"/>
  <system-out/>
</testsuite> <!-- itest.FirstTest -->
