<?xml version="1.0" encoding="UTF-8"?>
<!-- Generated by org.testng.reporters.JUnitReportReporter -->
<testsuite hostname="LAPTOP-43EPU8GR" failures="0" tests="4" name="testNGClasses.MethodDependency" time="18.326" errors="0" timestamp="2021-04-12T01:51:28 EDT" skipped="0">
  <testcase classname="testNGClasses.MethodDependency" name="login" time="1.294"/>
  <system-out/>
  <testcase classname="testNGClasses.MethodDependency" name="setup" time="2.920"/>
  <system-out/>
  <testcase classname="testNGClasses.MethodDependency" name="startup" time="7.679"/>
  <system-out/>
  <testcase classname="testNGClasses.MethodDependency" name="logout" time="6.433"/>
  <system-out/>
</testsuite> <!-- testNGClasses.MethodDependency -->
