<?xml version="1.0" encoding="UTF-8"?>
<!-- Generated by org.testng.reporters.JUnitReportReporter -->
<testsuite hostname="LAPTOP-43EPU8GR" failures="0" tests="1" name="handleselenium.Visibility_Test" time="4.775" errors="0" timestamp="2021-06-20T14:02:24 EDT" skipped="0">
  <testcase classname="handleselenium.Visibility_Test" name="Test" time="4.775"/>
  <system-out/>
</testsuite> <!-- handleselenium.Visibility_Test -->
