<?xml version="1.0" encoding="UTF-8"?>
<!-- Generated by org.testng.reporters.JUnitReportReporter -->
<testsuite hostname="LAPTOP-43EPU8GR" failures="0" tests="1" name="dropdowntest.Dropdown3" time="11.251" errors="0" timestamp="2021-06-08T21:01:00 EDT" skipped="0">
  <testcase classname="dropdowntest.Dropdown3" name="signup" time="11.251"/>
  <system-out/>
</testsuite> <!-- dropdowntest.Dropdown3 -->
