<?xml version="1.0" encoding="UTF-8"?>
<!-- Generated by org.testng.reporters.JUnitReportReporter -->
<testsuite hostname="LAPTOP-43EPU8GR" failures="0" tests="1" name="testNGClasses.TestCase2" time="0.011" errors="0" timestamp="2021-04-10T05:35:15 EDT" skipped="0">
  <testcase classname="testNGClasses.TestCase2" name="twittertset" time="0.011"/>
  <system-out/>
</testsuite> <!-- testNGClasses.TestCase2 -->
