<?xml version="1.0" encoding="UTF-8"?>
<!-- Generated by org.testng.reporters.JUnitReportReporter -->
<testsuite hostname="LAPTOP-43EPU8GR" failures="0" tests="1" name="dropdowntest.DropdownTest2" time="10.413" errors="0" timestamp="2021-06-20T14:04:59 EDT" skipped="0">
  <testcase classname="dropdowntest.DropdownTest2" name="dropdowntest" time="10.413"/>
  <system-out/>
</testsuite> <!-- dropdowntest.DropdownTest2 -->
