<?xml version="1.0" encoding="UTF-8"?>
<!-- Generated by org.testng.reporters.JUnitReportReporter -->
<testsuite hostname="LAPTOP-43EPU8GR" failures="0" tests="2" name="crossbrowsers.VerifyTitle" time="18.686" errors="0" timestamp="2021-04-10T22:10:07 EDT" skipped="0">
  <testcase classname="crossbrowsers.VerifyTitle" name="test1" time="12.720"/>
  <system-out/>
  <testcase classname="crossbrowsers.VerifyTitle" name="test1" time="5.966"/>
  <system-out/>
</testsuite> <!-- crossbrowsers.VerifyTitle -->
