<?xml version="1.0" encoding="UTF-8"?>
<!-- Generated by org.testng.reporters.JUnitReportReporter -->
<testsuite hostname="LAPTOP-43EPU8GR" failures="0" tests="2" name="testNGClasses.TestNGannotations" time="0.011" errors="0" timestamp="2021-04-10T00:06:51 EDT" skipped="0">
  <testcase classname="testNGClasses.TestNGannotations" name="test2" time="0.008"/>
  <system-out/>
  <testcase classname="testNGClasses.TestNGannotations" name="test1" time="0.003"/>
  <system-out/>
</testsuite> <!-- testNGClasses.TestNGannotations -->
