<?xml version="1.0" encoding="UTF-8"?>
<!-- Generated by org.testng.reporters.JUnitReportReporter -->
<testsuite hostname="LAPTOP-43EPU8GR" failures="0" tests="1" name="handleselenium.HiddenItem" time="10.404" errors="0" timestamp="2021-05-23T01:51:07 EDT" skipped="0">
  <testcase classname="handleselenium.HiddenItem" name="hiddenitemhelp" time="10.404"/>
  <system-out/>
</testsuite> <!-- handleselenium.HiddenItem -->
