<?xml version="1.0" encoding="UTF-8"?>
<!-- Generated by org.testng.reporters.JUnitReportReporter -->
<testsuite hostname="LAPTOP-43EPU8GR" failures="0" tests="2" name="readexceldata.DataDrivenTest" time="28.470" errors="0" timestamp="2021-04-07T05:10:52 EDT" skipped="0">
  <testcase classname="readexceldata.DataDrivenTest" name="DDT" time="16.557"/>
  <system-out/>
  <testcase classname="readexceldata.DataDrivenTest" name="DDT" time="11.913"/>
  <system-out/>
</testsuite> <!-- readexceldata.DataDrivenTest -->
