<?xml version="1.0" encoding="UTF-8"?>
<!-- Generated by org.testng.reporters.JUnitReportReporter -->
<testsuite hostname="LAPTOP-43EPU8GR" failures="0" tests="1" name="com.orangehrmlive.pages.VerifyloginPage" time="6.452" errors="0" timestamp="2021-04-06T00:34:56 EDT" skipped="0">
  <testcase classname="com.orangehrmlive.pages.VerifyloginPage" name="verifylogin" time="6.452"/>
  <system-out/>
</testsuite> <!-- com.orangehrmlive.pages.VerifyloginPage -->
