<?xml version="1.0" encoding="UTF-8"?>
<!-- Generated by org.testng.reporters.JUnitReportReporter -->
<testsuite hostname="LAPTOP-43EPU8GR" failures="0" tests="1" name="handleselenium.AjaxcallTest" time="17.285" errors="0" timestamp="2021-06-19T00:02:38 EDT" skipped="0">
  <testcase classname="handleselenium.AjaxcallTest" name="ajaxTest" time="17.285"/>
  <system-out/>
</testsuite> <!-- handleselenium.AjaxcallTest -->
