<?xml version="1.0" encoding="UTF-8"?>
<!-- Generated by org.testng.reporters.JUnitReportReporter -->
<testsuite hostname="LAPTOP-43EPU8GR" failures="0" tests="1" name="handleselenium.PopupHandle" time="26.048" errors="0" timestamp="2021-05-18T15:28:52 EDT" skipped="0">
  <testcase classname="handleselenium.PopupHandle" name="popuphandle" time="26.048"/>
  <system-out/>
</testsuite> <!-- handleselenium.PopupHandle -->
