<?xml version="1.0" encoding="UTF-8"?>
<!-- Generated by org.testng.reporters.JUnitReportReporter -->
<testsuite hostname="LAPTOP-43EPU8GR" failures="0" tests="1" name="dropdowntest.DropdownAscending2" time="6.749" errors="0" timestamp="2021-06-08T21:06:14 EDT" skipped="0">
  <testcase classname="dropdowntest.DropdownAscending2" name="DropdownTest" time="6.749"/>
  <system-out/>
</testsuite> <!-- dropdowntest.DropdownAscending2 -->
