<?xml version="1.0" encoding="UTF-8"?>
<!-- Generated by org.testng.reporters.JUnitReportReporter -->
<testsuite hostname="LAPTOP-43EPU8GR" failures="0" tests="1" name="handleselenium.ScrollDownp" time="20.871" errors="0" timestamp="2021-03-30T17:40:36 EDT" skipped="0">
  <testcase classname="handleselenium.ScrollDownp" name="scrolldown3" time="20.871"/>
  <system-out/>
</testsuite> <!-- handleselenium.ScrollDownp -->
