<?xml version="1.0" encoding="UTF-8"?>
<!-- Generated by org.testng.reporters.JUnitReportReporter -->
<testsuite hostname="LAPTOP-43EPU8GR" failures="0" tests="1" name="handleselenium.Linkextract" time="7.670" errors="0" timestamp="2021-06-09T00:31:51 EDT" skipped="0">
  <testcase classname="handleselenium.Linkextract" name="titleTest" time="7.670"/>
  <system-out/>
</testsuite> <!-- handleselenium.Linkextract -->
