<?xml version="1.0" encoding="UTF-8"?>
<!-- Generated by org.testng.reporters.JUnitReportReporter -->
<testsuite hostname="LAPTOP-43EPU8GR" failures="0" tests="1" name="listeners.FirstTest" time="6.256" errors="0" timestamp="2021-05-24T15:32:18 EDT" skipped="0">
  <testcase classname="listeners.FirstTest" name="fbtest" time="6.256"/>
  <system-out/>
</testsuite> <!-- listeners.FirstTest -->
