<?xml version="1.0" encoding="UTF-8"?>
<!-- Generated by org.testng.reporters.JUnitReportReporter -->
<testsuite hostname="LAPTOP-43EPU8GR" failures="0" tests="1" name="locators.FacebookSignup" time="12.041" errors="0" timestamp="2021-03-30T18:34:07 EDT" skipped="0">
  <testcase classname="locators.FacebookSignup" name="signup" time="12.041"/>
  <system-out/>
</testsuite> <!-- locators.FacebookSignup -->
