<?xml version="1.0" encoding="UTF-8"?>
<!-- Generated by org.testng.reporters.JUnitReportReporter -->
<testsuite hostname="LAPTOP-43EPU8GR" failures="0" tests="1" name="reports.LoginReports" time="0.814" errors="0" timestamp="2021-04-08T04:01:15 EDT" skipped="0">
  <testcase classname="reports.LoginReports" name="loginTest" time="0.814"/>
  <system-out/>
</testsuite> <!-- reports.LoginReports -->
