<?xml version="1.0" encoding="UTF-8"?>
<!-- Generated by org.testng.reporters.JUnitReportReporter -->
<testsuite hostname="LAPTOP-43EPU8GR" failures="0" tests="1" name="testNGClasses.AssertTest" time="0.010" errors="0" timestamp="2021-04-12T01:49:14 EDT" skipped="0">
  <testcase classname="testNGClasses.AssertTest" name="hardassert" time="0.010"/>
  <system-out/>
</testsuite> <!-- testNGClasses.AssertTest -->
