<?xml version="1.0" encoding="UTF-8"?>
<!-- Generated by org.testng.reporters.JUnitReportReporter -->
<testsuite hostname="LAPTOP-43EPU8GR" failures="0" tests="1" name="listeners.FirstTest" time="4.736" errors="0" timestamp="2021-04-12T02:17:57 EDT" skipped="0">
  <testcase classname="listeners.FirstTest" name="fbtest" time="4.736"/>
  <system-out/>
</testsuite> <!-- listeners.FirstTest -->
