<?xml version="1.0" encoding="UTF-8"?>
<!-- Generated by org.testng.reporters.JUnitReportReporter -->
<testsuite hostname="LAPTOP-43EPU8GR" failures="0" tests="2" name="bassclass.LogInTest" time="16.600" errors="0" timestamp="2021-04-07T23:59:06 EDT" skipped="0">
  <testcase classname="bassclass.LogInTest" name="applogin" time="9.574"/>
  <system-out/>
  <testcase classname="bassclass.LogInTest" name="applogin2" time="7.026"/>
  <system-out/>
</testsuite> <!-- bassclass.LogInTest -->
