<?xml version="1.0" encoding="UTF-8"?>
<!-- Generated by org.testng.reporters.JUnitReportReporter -->
<testsuite hostname="LAPTOP-43EPU8GR" failures="0" tests="1" name="handleselenium.VerifyTitle" time="5.694" errors="0" timestamp="2021-05-24T00:26:30 EDT" skipped="0">
  <testcase classname="handleselenium.VerifyTitle" name="titleTest" time="5.694"/>
  <system-out/>
</testsuite> <!-- handleselenium.VerifyTitle -->
